[2014-09-03 12:12:47] select * from CLAIM_HEADER
[2014-09-03 12:12:47] SQLSTATE[IMSSP]: Tried to bind parameter number 0.  SQL Server supports a maximum of 2100 parameters.
[2014-09-03 14:04:30] [View]Call to a member function read() on a non-object - D:\www\hrms\code\lib\Util.php on line 211
[2014-09-03 14:05:52] processQuery
[2014-09-03 14:05:52] processLogin : index.pzx?c=a4e35855b76f0eb201f1c1aad80ddc6af5fe4fe95f23f886a9445b769eeea5d5
[2014-09-03 14:08:41] processQuery
[2014-09-03 14:08:41] processLogin : index.pzx?c=a4e35855b76f0eb201f1c1aad80ddc6af5fe4fe95f23f886a9445b769eeea5d5
[2014-09-03 14:09:07] processQuery
[2014-09-03 14:09:07] processLogin : index.pzx?c=a4e35855b76f0eb201f1c1aad80ddc6af5fe4fe95f23f886a9445b769eeea5d5
[2014-09-03 14:09:41] processQuery
[2014-09-03 14:09:41] processLogin : index.pzx?c=a4e35855b76f0eb201f1c1aad80ddc6af5fe4fe95f23f886a9445b769eeea5d5
[2014-09-03 14:11:21] processQuery
[2014-09-03 14:11:21] processLogin : index.pzx?c=a4e35855b76f0eb201f1c1aad80ddc6af5fe4fe95f23f886a9445b769eeea5d5
[2014-09-03 14:11:55] processQuery
[2014-09-03 14:11:55] processLogin : index.pzx?c=a4e35855b76f0eb201f1c1aad80ddc6af5fe4fe95f23f886a9445b769eeea5d5
[2014-09-03 14:12:28] processQuery
[2014-09-03 14:12:28] processLogin : index.pzx?c=a4e35855b76f0eb201f1c1aad80ddc6af5fe4fe95f23f886a9445b769eeea5d5
[2014-09-03 14:18:55] processQuery
[2014-09-03 14:18:55] processLogin : index.pzx?c=a4e35855b76f0eb201f1c1aad80ddc6af5fe4fe95f23f886a9445b769eeea5d5
[2014-09-03 14:30:17] processQuery
[2014-09-03 14:53:13] processQuery
[2014-09-03 14:53:13] processLogin : index.pzx?c=d661e98205b2530c62364573f06077adc02d517bc16bfe82ac3e75626f6c7eb6
[2014-09-03 14:58:48] processQuery
[2014-09-03 14:58:48] processLogin : index.pzx?c=a4e35855b76f0eb201f1c1aad80ddc6af5fe4fe95f23f886a9445b769eeea5d5
[2014-09-03 15:40:28] processQuery
[2014-09-03 15:40:29] processLogin : index.pzx?c=e33cffba6fea749e538a13451e56fe9ed3807a5fe918a56d9eda2448b8486c72
[2014-09-03 16:55:30] processQuery
[2014-09-03 16:55:30] processLogin : index.pzx?c=e33cffba6fea749e538a13451e56fe9ed3807a5fe918a56d9eda2448b8486c72
