[2014-06-12 14:15:22] [View]Undefined index: PROJECT_ID - C:\www\hrms\code\controllers\attendance\Timesheet.php on line 168
[2014-06-12 14:20:49] [View]syntax error, unexpected '[' - C:\www\hrms\code\controllers\attendance\Timesheet.php on line 168
[2014-06-12 14:20:51] [View]syntax error, unexpected '[' - C:\www\hrms\code\controllers\attendance\Timesheet.php on line 168
[2014-06-12 14:21:14] [View]Undefined index: PROJECT_ID - C:\www\hrms\code\controllers\attendance\Timesheet.php on line 168
[2014-06-12 14:22:44] [View]Undefined index: PROJECT_ID - C:\www\hrms\code\controllers\attendance\Timesheet.php on line 168
[2014-06-12 14:26:17] [Service]Undefined class constant 'C_DESC' - C:\www\hrms\code\models\attendance\TimeCardLimitClass.php on line 10
[2014-06-12 14:46:47] [View]include(): Failed opening 'C:\www\hrms\code/js/payroll/claimitemapproval.js' for inclusion (include_path='.;C:\php\pear') - C:\www\hrms\code\views\claims\ClaimItemApprovalView.php on line 42
[2014-06-12 14:51:03] [View]include(): Failed opening 'C:\www\hrms\code/js/payroll/claimitemapproval.js' for inclusion (include_path='.;C:\php\pear') - C:\www\hrms\code\views\claims\ClaimItemApprovalView.php on line 42
[2014-06-12 15:32:44] [View]include(): Failed opening 'C:\www\hrms\code/js/payroll/claimitemapproval.js' for inclusion (include_path='.;C:\php\pear') - C:\www\hrms\code\views\claims\ClaimItemApprovalView.php on line 42
[2014-06-12 15:33:05] [View]Call to a member function read() on a non-object - C:\www\hrms\code\lib\Util.php on line 211
[2014-06-12 15:33:06] [View]Call to a member function read() on a non-object - C:\www\hrms\code\lib\Util.php on line 211
[2014-06-12 15:33:15] [View]Call to a member function read() on a non-object - C:\www\hrms\code\lib\Util.php on line 211
[2014-06-12 15:35:49] [View]Call to a member function read() on a non-object - C:\www\hrms\code\lib\Util.php on line 211
[2014-06-12 15:36:28] [Service]Undefined class constant 'C_DESC' - C:\www\hrms\code\models\attendance\TimeCardLimitClass.php on line 10
[2014-06-12 15:36:32] [View]Uninitialized string offset: 0 - C:\www\hrms\code\controllers\base\ControllerBase.php on line 76
[2014-06-12 15:36:33] [View]Uninitialized string offset: 0 - C:\www\hrms\code\controllers\base\ControllerBase.php on line 76
[2014-06-12 16:16:40] [View]Call to undefined method ClaimGroup::getClaimGroup() - C:\www\hrms\code\views\claims\ClaimGroupView.php on line 33
[2014-06-12 16:19:03] [View]Call to undefined method ClaimGroup::getClaimGroup() - C:\www\hrms\code\views\claims\ClaimGroupView.php on line 85
[2014-06-12 16:52:29] [View]Call to undefined method ClaimGroup::getDeptGroup() - C:\www\hrms\code\views\claims\ClaimGroupView.php on line 85
[2014-06-12 17:16:06] select EMP_NAME from EMPLOYEE where EMP_DEPT = :EMP_DEPT
[2014-06-12 17:16:06] [DbAdapter][getRow]SQLSTATE[22018]: [Microsoft][SQL Server Native Client 11.0][SQL Server]Conversion failed when converting the nvarchar value 'Array' to data type int.
[2014-06-12 17:16:06] [View]Array to string conversion - C:\www\hrms\code\database\DbAdapter.php on line 134
